----------------------------- Registered messages since 26-Jun-2024 20:08:26 ---

   Data Dictionary version:  4.3p6 (26-Feb-2020)
        TargetLink version:  4.3p6 (26-Feb-2020)
            tl_codegen.mexw64:  02-Mar-2020 19:40:18 (  32768 bytes)
            MATLAB version:  9.3.0.867777 (R2017b) Update 7 24-Jul-2017
          Simulink version:  9.0 (R2017b) 24-Jul-2017
         Stateflow version:  9.0 (R2017b) 24-Jul-2017
          Operating system:  Windows 10
                 Processor:  Intel64 Family 6 Model 141 Stepping 1, Intel

--------------------------------------------------------------------------------

N03080  BLOCKS ENHANCED
        1 blocks were enhanced.
        26-Jun-2024 20:08:26

N03080  BLOCKS ENHANCED
        2 blocks were enhanced.
        26-Jun-2024 20:08:26

N03080  BLOCKS ENHANCED
        1 blocks were enhanced.
        26-Jun-2024 20:08:26

-------------------------------- Registered messages at 26-Jun-2024 20:11:44 ---

   Data Dictionary version:  4.3p6 (26-Feb-2020)
        TargetLink version:  4.3p6 (26-Feb-2020)
            tl_codegen.mexw64:  02-Mar-2020 19:40:18 (  32768 bytes)
            MATLAB version:  9.3.0.867777 (R2017b) Update 7 24-Jul-2017
          Simulink version:  9.0 (R2017b) 24-Jul-2017
         Stateflow version:  9.0 (R2017b) 24-Jul-2017
          Operating system:  Windows 10
                 Processor:  Intel64 Family 6 Model 141 Stepping 1, Intel

--------------------------------------------------------------------------------

No messages to be displayed.

-------------------------------- Registered messages at 26-Jun-2024 20:11:52 ---

   Data Dictionary version:  4.3p6 (26-Feb-2020)
        TargetLink version:  4.3p6 (26-Feb-2020)
            tl_codegen.mexw64:  02-Mar-2020 19:40:18 (  32768 bytes)
            MATLAB version:  9.3.0.867777 (R2017b) Update 7 24-Jul-2017
          Simulink version:  9.0 (R2017b) 24-Jul-2017
         Stateflow version:  9.0 (R2017b) 24-Jul-2017
          Operating system:  Windows 10
                 Processor:  Intel64 Family 6 Model 141 Stepping 1, Intel

--------------------------------------------------------------------------------

No messages to be displayed.

